30 52 51 51 91 139 57 153 190 211 167 198 172 128 117 124 144 145 144 112 123 108 100 139 130 122 152 176 192 242 235 283 300 327 281 234 234 183 168 154 94 112 53 48 28 18 17 9 9
41 40 55 54 88 142 63 155 211 211 174 201 170 132 110 129 133 156 138 110 122 113 100 124 133 164 128 172 176 234 259 301 255 308 296 270 213 152 184 153 100 112 47 54 26 16 16 7 8
31 47 51 54 91 139 55 161 208 202 178 191 176 132 113 120 145 150 135 121 127 107 99 135 129 136 145 172 201 247 242 281 277 305 287 233 238 190 158 157 90 119 51 43 31 18 16 8 10
31 47 51 57 89 136 56 165 183 205 172 200 175 128 115 135 147 144 143 108 128 108 99 131 125 127 152 155 199 251 236 279 306 316 297 247 223 190 168 148 91 111 53 49 25 16 16 10 9
28 57 44 63 99 123 71 174 195 201 159 184 191 120 104 122 165 152 136 116 124 106 96 140 130 123 178 168 181 239 229 272 286 343 276 260 216 179 182 148 80 118 52 47 34 15 23 8 2
32 53 50 50 90 140 56 174 167 210 169 195 174 128 115 128 134 152 141 117 125 107 96 136 144 140 148 178 178 236 231 279 291 326 298 240 240 178 186 143 94 110 54 46 31 17 22 10 1
32 49 50 52 87 127 71 162 194 215 174 199 175 131 113 120 137 157 141 108 122 106 99 142 127 129 141 182 169 262 222 305 285 335 283 241 216 170 180 147 92 111 59 55 27 17 17 9 9
30 49 50 56 91 137 52 166 190 216 168 194 188 118 120 122 143 144 145 110 129 102 97 140 140 120 149 169 188 242 235 265 305 328 295 239 234 193 152 150 87 107 56 49 26 17 24 10 2
32 51 51 50 88 139 59 174 188 228 173 191 178 125 112 125 147 148 130 116 115 114 98 142 125 131 149 169 180 226 240 282 299 328 303 245 196 161 187 154 83 114 54 49 32 15 14 27 8
32 51 49 52 84 130 46 161 174 205 188 186 176 130 123 117 149 140 148 108 127 103 99 137 138 121 173 175 181 236 243 266 309 329 273 253 249 173 164 152 95 109 50 51 26 15 25 9 2
31 51 50 50 100 137 54 154 356 210 171 190 188 120 117 129 139 146 144 108 126 97 105 138 139 119 159 178 196 203 200 276 299 305 261 230 214 169 179 124 82 115 47 48 27 34 23 9 3
30 52 51 51 89 140 55 155 194 210 175 196 174 130 112 119 141 154 141 111 121 107 100 136 130 129 141 178 182 258 227 284 292 336 279 257 224 181 170 144 96 111 49 53 29 15 24 8 3
29 47 53 51 93 137 51 164 225 213 170 199 171 133 106 123 143 151 148 117 125 103 103 123 130 139 156 167 175 242 233 264 286 318 304 235 203 181 176 145 113 109 55 47 32 12 29 10 8
32 47 51 53 90 138 54 156 208 204 172 190 173 126 131 126 136 149 147 105 128 103 93 136 147 120 154 179 185 253 235 262 295 326 277 208 241 201 162 150 106 115 53 43 35 15 24 9 3
32 48 52 53 87 138 51 161 212 221 174 201 175 127 110 121 142 153 138 113 114 107 99 137 155 145 136 177 183 236 227 270 302 334 284 229 214 187 156 145 90 112 48 61 31 13 32 10 8
30 51 51 52 82 141 55 162 219 210 176 195 173 128 114 124 145 151 141 105 129 103 100 138 135 155 138 168 179 246 232 278 289 316 282 241 225 173 170 172 79 125 50 45 27 15 10 9 9
31 52 45 54 96 159 53 145 220 191 161 193 189 124 116 113 154 141 140 121 122 102 91 145 125 148 150 173 191 238 236 274 280 351 273 232 239 183 159 174 91 96 53 46 34 15 21 8 3
33 50 52 50 87 128 66 165 201 239 177 197 172 129 110 119 142 147 128 107 122 104 82 159 123 138 165 167 171 256 212 269 280 338 299 240 250 174 173 140 89 109 57 43 23 16 25 8 3
20 42 35 50 68 122 47 156 241 208 193 189 223 139 121 115 157 142 136 114 126 109 94 134 131 132 174 168 176 239 223 293 282 321 283 249 212 172 193 144 100 104 48 50 29 12 25 9 2
32 44 50 56 80 147 54 162 192 208 174 196 171 131 110 126 142 149 138 118 118 109 96 141 127 135 155 170 189 239 234 290 293 309 326 234 220 181 178 149 90 108 53 49 38 17 21 10 3
31 49 52 52 91 143 51 170 155 213 176 189 170 124 131 124 150 138 145 113 128 98 91 140 143 122 161 172 183 230 193 190 176 142 124 90 110 79 61 30 22 31 8 6 2 1 3 1 0
31 53 48 59 93 133 55 151 162 231 169 191 173 149 110 124 141 155 126 111 123 109 122 128 156 131 139 172 165 229 181 202 171 142 144 110 90 79 75 47 26 30 6 5 3 1 4 0 1
32 54 53 63 94 123 44 150 148 172 134 125 137 67 63 62 56 32 29 25 13 12 14 14 4 7 0 1 0 0 0 0 0 0 0 0 0 0 0 0 0 0 0 0 0 0 0 0 0
32 61 48 52 92 125 35 111 148 182 153 116 146 69 61 75 69 30 24 29 15 14 13 14 6 5 0 1 0 0 0 0 0 0 0 0 0 0 0 0 0 0 0 0 0 0 0 0 0
42 42 47 41 85 95 34 150 140 150 108 106 121 67 54 55 53 32 18 22 13 12 15 13 4 7 0 1 0 0 0 0 0 0 0 0 0 0 0 0 0 0 0 0 0 0 0 0 0
41 61 60 54 103 126 42 129 134 183 140 123 131 70 58 60 62 27 27 23 15 13 14 13 5 6 0 1 0 0 0 0 0 0 0 0 0 0 0 0 0 0 0 0 0 0 0 0 0
41 91 55 52 88 133 43 143 147 152 135 128 124 60 53 60 61 26 23 27 15 14 13 12 5 7 0 1 0 0 0 0 0 0 0 0 0 0 0 0 0 0 0 0 0 0 0 0 0
49 78 64 60 95 113 42 113 126 159 162 130 135 58 63 56 62 26 26 26 12 14 14 13 5 6 0 1 0 0 0 0 0 0 0 0 0 0 0 0 0 0 0 0 0 0 0 0 0
60 81 87 86 126 144 40 128 117 141 128 103 112 64 49 53 47 22 21 26 15 13 14 13 5 6 0 1 0 0 0 0 0 0 0 0 0 0 0 0 0 0 0 0 0 0 0 0 0
34 59 49 50 94 111 51 110 143 175 148 109 142 67 62 72 72 32 21 30 15 13 15 12 5 6 0 1 0 0 0 0 0 0 0 0 0 0 0 0 0 0 0 0 0 0 0 0 0
59 80 88 88 121 126 61 128 119 151 128 111 120 65 46 51 44 25 24 24 15 13 14 13 6 6 0 1 0 0 0 0 0 0 0 0 0 0 0 0 0 0 0 0 0 0 0 0 0
61 64 67 66 96 112 43 118 120 153 159 131 129 66 49 49 69 34 31 14 21 30 7 14 3 7 0 1 0 0 0 0 0 0 0 0 0 0 0 0 0 0 0 0 0 0 0 0 0
41 64 61 52 105 125 42 123 134 177 140 120 126 63 59 60 57 26 25 25 14 13 14 11 6 6 0 1 0 0 0 0 0 0 0 0 0 0 0 0 0 0 0 0 0 0 0 0 0
20 37 33 49 64 117 47 146 153 165 163 123 173 68 66 54 55 38 24 26 13 13 12 12 5 7 0 1 0 0 0 0 0 0 0 0 0 0 0 0 0 0 0 0 0 0 0 0 0
31 53 41 53 89 167 41 140 150 147 123 133 139 54 48 58 59 32 28 31 13 13 14 11 4 7 0 1 0 0 0 0 0 0 0 0 0 0 0 0 0 0 0 0 0 0 0 0 0
26 64 56 59 91 126 62 160 128 142 130 117 143 51 53 59 56 39 26 26 12 10 13 12 6 6 0 1 0 0 0 0 0 0 0 0 0 0 0 0 0 0 0 0 0 0 0 0 0